<?xml version="1.0" encoding="UTF-8"?>
<!-- Generated by org.testng.reporters.JUnitXMLReporter -->
<testsuite hostname="ATMECSINLT-033" ignored="0" name="Test" tests="7" failures="0" timestamp="17 Sep 2019 13:04:51 GMT" time="20.285" errors="0">
  <testcase name="tourSearch" time="6.736" classname="com.Phptravle.testscripts.HomePageTestscript"/>
  <testcase name="BookingOption" time="7.144" classname="com.Phptravle.testscripts.BookingPageTestscript"/>
  <testcase name="personalDetailsInput" time="3.215" classname="com.Phptravle.testscripts.BookingSummryTestscript"/>
  <testcase name="guestInfoInput" time="0.445" classname="com.Phptravle.testscripts.BookingSummryTestscript"/>
  <testcase name="guestInfoInput" time="0.383" classname="com.Phptravle.testscripts.BookingSummryTestscript"/>
  <testcase name="guestInfoInput" time="0.431" classname="com.Phptravle.testscripts.BookingSummryTestscript"/>
  <testcase name="guestInfoInput" time="0.437" classname="com.Phptravle.testscripts.BookingSummryTestscript"/>
</testsuite> <!-- Test -->
