<?xml version="1.0" encoding="UTF-8"?>
<!-- Generated by org.testng.reporters.JUnitXMLReporter -->
<testsuite hostname="ATMECSINLT-033" ignored="3" name="Default test" tests="7" failures="0" timestamp="17 Sep 2019 12:43:13 GMT" time="17.503" errors="0">
  <testcase name="tourSearch" time="6.724" classname="com.Phptravle.testscripts.HomePageTestscript"/>
  <testcase name="BookingOption" time="6.368" classname="com.Phptravle.testscripts.BookingPageTestscript"/>
  <testcase name="personalDetailsInput" time="1.997" classname="com.Phptravle.testscripts.BookingSummryTestscript"/>
  <testcase name="guestInfoInput" time="0.396" classname="com.Phptravle.testscripts.BookingSummryTestscript"/>
  <testcase name="guestInfoInput" time="0.352" classname="com.Phptravle.testscripts.BookingSummryTestscript"/>
  <testcase name="guestInfoInput" time="0.356" classname="com.Phptravle.testscripts.BookingSummryTestscript"/>
  <testcase name="guestInfoInput" time="0.339" classname="com.Phptravle.testscripts.BookingSummryTestscript"/>
  <testcase name="@BeforeSuite intitailizeBrowser" time="0.0" classname="com.phptravles.testbase.TestBase">
    <ignored/>
  </testcase> <!-- @BeforeSuite intitailizeBrowser -->
  <testcase name="@BeforeSuite intitailizeBrowser" time="0.0" classname="com.phptravles.testbase.TestBase">
    <ignored/>
  </testcase> <!-- @BeforeSuite intitailizeBrowser -->
  <testcase name="@BeforeSuite intitailizeBrowser" time="0.0" classname="com.phptravles.testbase.TestBase">
    <ignored/>
  </testcase> <!-- @BeforeSuite intitailizeBrowser -->
</testsuite> <!-- Default test -->
